  Performing Custom Build Tools
  Building and assembling rdrand.asm
   Assembling: C:\Users\Pirogov_R\Desktop\brute_force\CryptoPP\rdrand.asm
  Building and assembling x64dll.asm
   Assembling: C:\Users\Pirogov_R\Desktop\brute_force\CryptoPP\x64dll.asm
  Building and Assembling x64masm.asm
   Assembling: C:\Users\Pirogov_R\Desktop\brute_force\CryptoPP\x64masm.asm
cl : Command line warning D9002: ignoring unknown option '/arch:SSE2'
  pch.cpp
cl : Command line warning D9002: ignoring unknown option '/arch:SSE2'
  cryptlib.cpp
  cpu.cpp
  integer.cpp
  3way.cpp
  adler32.cpp
  algebra.cpp
  algparam.cpp
  arc4.cpp
  asn.cpp
  authenc.cpp
  base32.cpp
  base64.cpp
  basecode.cpp
  bfinit.cpp
  blake2.cpp
  blowfish.cpp
  blumshub.cpp
  camellia.cpp
  cast.cpp
  casts.cpp
  Generating Code...
  Compiling...
  cbcmac.cpp
  ccm.cpp
  chacha.cpp
  channels.cpp
  cmac.cpp
  crc.cpp
  default.cpp
  des.cpp
  dessp.cpp
  dh.cpp
  dh2.cpp
  dsa.cpp
  eax.cpp
  ec2n.cpp
  ecp.cpp
  elgamal.cpp
  emsa2.cpp
  esign.cpp
  files.cpp
  filters.cpp
  Generating Code...
  Compiling...
  fips140.cpp
  fipstest.cpp
  gcm.cpp
  gf256.cpp
  gf2_32.cpp
  gf2n.cpp
  gfpcrypt.cpp
  gost.cpp
  gzip.cpp
  hex.cpp
  hmac.cpp
  hrtimer.cpp
  ida.cpp
  idea.cpp
  keccak.cpp
  luc.cpp
  mars.cpp
  marss.cpp
  md2.cpp
  md4.cpp
  Generating Code...
  Compiling...
  md5.cpp
  misc.cpp
  modes.cpp
  mqueue.cpp
  mqv.cpp
  nbtheory.cpp
  network.cpp
  oaep.cpp
  osrng.cpp
  panama.cpp
  pkcspad.cpp
  polynomi.cpp
  pssr.cpp
  pubkey.cpp
  queue.cpp
  rabin.cpp
  randpool.cpp
  rc2.cpp
  rc5.cpp
  rc6.cpp
  Generating Code...
  Compiling...
  rdrand.cpp
  rdtables.cpp
  rijndael.cpp
  ripemd.cpp
  rng.cpp
  rsa.cpp
  rw.cpp
  safer.cpp
  salsa.cpp
  seal.cpp
  seed.cpp
  serpent.cpp
  sha.cpp
  sha3.cpp
  shacal2.cpp
  shark.cpp
  sharkbox.cpp
  simple.cpp
  skipjack.cpp
  socketft.cpp
  Generating Code...
  Compiling...
  sosemanuk.cpp
  square.cpp
  squaretb.cpp
  strciphr.cpp
  tea.cpp
  tftables.cpp
  tiger.cpp
  tigertab.cpp
  trdlocal.cpp
  ttmac.cpp
  twofish.cpp
  vmac.cpp
  wait.cpp
  wake.cpp
  whrlpool.cpp
  winpipes.cpp
  xtr.cpp
  xtrcrypt.cpp
  zdeflate.cpp
  zinflate.cpp
  Generating Code...
  Compiling...
  zlib.cpp
  Generating Code...
cl : Command line warning D9002: ignoring unknown option '/arch:SSE2'
  dll.cpp
  iterhash.cpp
  Generating Code...
  cryptlib.vcxproj -> C:\Users\Pirogov_R\Desktop\brute_force\CryptoPP\x64\Output\Release\cryptlib.lib
